<?xml version="1.0" encoding="UTF-8"?>
<!-- Generated by org.testng.reporters.JUnitXMLReporter -->
<testsuite hostname="DESKTOP-D41Q1D9" name="FreeCRMAPplicationTestCaseschrome" tests="3" failures="1" timestamp="10 Nov 2019 09:51:45 GMT" time="205.851" errors="0">
  <testcase name="valildateTitleTest" time="7.527" classname="com.Finale_CRM.tests.LoginPageTest">
    <failure type="java.lang.AssertionError" message="expected [CRMPRO  - CRM software for customer relationship management, sales, and support.] but found [CRMPRO - CRM software for customer relationship management, sales, and support.]">
      <![CDATA[java.lang.AssertionError: expected [CRMPRO  - CRM software for customer relationship management, sales, and support.] but found [CRMPRO - CRM software for customer relationship management, sales, and support.]
	at com.Finale_CRM.tests.LoginPageTest.valildateTitleTest(LoginPageTest.java:59)
	at java.util.concurrent.FutureTask.run(Unknown Source)
	at java.util.concurrent.ThreadPoolExecutor.runWorker(Unknown Source)
	at java.util.concurrent.ThreadPoolExecutor$Worker.run(Unknown Source)
	at java.lang.Thread.run(Unknown Source)
... Removed 22 stack frames]]>
    </failure>
  </testcase> <!-- valildateTitleTest -->
  <testcase name="validateCRMLogoTest" time="16.176" classname="com.Finale_CRM.tests.LoginPageTest"/>
  <testcase name="LoginTest" time="60.081" classname="com.Finale_CRM.tests.LoginPageTest"/>
</testsuite> <!-- FreeCRMAPplicationTestCaseschrome -->
