<?xml version="1.0" encoding="UTF-8"?>
<!-- Generated by org.testng.reporters.JUnitXMLReporter -->
<testsuite hostname="DESKTOP-D41Q1D9" name="FreeCRMAPplicationTestCases" tests="4" failures="0" timestamp="10 Nov 2019 07:51:53 GMT" time="226.434" errors="0">
  <testcase name="enterContactsDetailsTest" time="7.074" classname="com.Finale_CRM.tests.ContactsPageTest"/>
  <testcase name="enterContactsDetailsTest" time="4.207" classname="com.Finale_CRM.tests.ContactsPageTest"/>
  <testcase name="enterContactsDetailsTest" time="8.183" classname="com.Finale_CRM.tests.ContactsPageTest"/>
  <testcase name="enterContactsDetailsTest" time="4.136" classname="com.Finale_CRM.tests.ContactsPageTest"/>
</testsuite> <!-- FreeCRMAPplicationTestCases -->
